{"/Volumes/data/git/rust/tauri-php/guest-js/index.ts": {"path":"/Volumes/data/git/rust/tauri-php/guest-js/index.ts","all":false,"statementMap":{"0":{"start":{"line":1,"column":0},"end":{"line":1,"column":45}},"1":{"start":{"line":2,"column":0},"end":{"line":2,"column":0}},"2":{"start":{"line":3,"column":0},"end":{"line":3,"column":32}},"3":{"start":{"line":4,"column":0},"end":{"line":4,"column":17}},"4":{"start":{"line":5,"column":0},"end":{"line":5,"column":14}},"5":{"start":{"line":6,"column":0},"end":{"line":6,"column":24}},"6":{"start":{"line":7,"column":0},"end":{"line":7,"column":23}},"7":{"start":{"line":8,"column":0},"end":{"line":8,"column":15}},"8":{"start":{"line":9,"column":0},"end":{"line":9,"column":1}},"9":{"start":{"line":10,"column":0},"end":{"line":10,"column":0}},"10":{"start":{"line":11,"column":0},"end":{"line":11,"column":31}},"11":{"start":{"line":12,"column":0},"end":{"line":12,"column":21}},"12":{"start":{"line":13,"column":0},"end":{"line":13,"column":14}},"13":{"start":{"line":14,"column":0},"end":{"line":14,"column":15}},"14":{"start":{"line":15,"column":0},"end":{"line":15,"column":15}},"15":{"start":{"line":16,"column":0},"end":{"line":16,"column":24}},"16":{"start":{"line":17,"column":0},"end":{"line":17,"column":21}},"17":{"start":{"line":18,"column":0},"end":{"line":18,"column":1}},"18":{"start":{"line":19,"column":0},"end":{"line":19,"column":0}},"19":{"start":{"line":20,"column":0},"end":{"line":20,"column":30}},"20":{"start":{"line":21,"column":0},"end":{"line":21,"column":14}},"21":{"start":{"line":22,"column":0},"end":{"line":22,"column":14}},"22":{"start":{"line":23,"column":0},"end":{"line":23,"column":23}},"23":{"start":{"line":24,"column":0},"end":{"line":24,"column":18}},"24":{"start":{"line":25,"column":0},"end":{"line":25,"column":22}},"25":{"start":{"line":26,"column":0},"end":{"line":26,"column":22}},"26":{"start":{"line":27,"column":0},"end":{"line":27,"column":1}},"27":{"start":{"line":28,"column":0},"end":{"line":28,"column":0}},"28":{"start":{"line":29,"column":0},"end":{"line":29,"column":23}},"29":{"start":{"line":30,"column":0},"end":{"line":30,"column":22}},"30":{"start":{"line":31,"column":0},"end":{"line":31,"column":22}},"31":{"start":{"line":32,"column":0},"end":{"line":32,"column":30}},"32":{"start":{"line":33,"column":0},"end":{"line":33,"column":22}},"33":{"start":{"line":34,"column":0},"end":{"line":34,"column":16}},"34":{"start":{"line":35,"column":0},"end":{"line":35,"column":14}},"35":{"start":{"line":36,"column":0},"end":{"line":36,"column":22}},"36":{"start":{"line":37,"column":0},"end":{"line":37,"column":16}},"37":{"start":{"line":38,"column":0},"end":{"line":38,"column":18}},"38":{"start":{"line":39,"column":0},"end":{"line":39,"column":24}},"39":{"start":{"line":40,"column":0},"end":{"line":40,"column":18}},"40":{"start":{"line":41,"column":0},"end":{"line":41,"column":21}},"41":{"start":{"line":42,"column":0},"end":{"line":42,"column":1}},"42":{"start":{"line":43,"column":0},"end":{"line":43,"column":0}},"43":{"start":{"line":44,"column":0},"end":{"line":44,"column":37}},"44":{"start":{"line":45,"column":0},"end":{"line":45,"column":22}},"45":{"start":{"line":46,"column":0},"end":{"line":46,"column":15}},"46":{"start":{"line":47,"column":0},"end":{"line":47,"column":15}},"47":{"start":{"line":48,"column":0},"end":{"line":48,"column":22}},"48":{"start":{"line":49,"column":0},"end":{"line":49,"column":24}},"49":{"start":{"line":50,"column":0},"end":{"line":50,"column":1}},"50":{"start":{"line":51,"column":0},"end":{"line":51,"column":0}},"51":{"start":{"line":52,"column":0},"end":{"line":52,"column":38}},"52":{"start":{"line":53,"column":0},"end":{"line":53,"column":17}},"53":{"start":{"line":54,"column":0},"end":{"line":54,"column":22}},"54":{"start":{"line":55,"column":0},"end":{"line":55,"column":17}},"55":{"start":{"line":56,"column":0},"end":{"line":56,"column":21}},"56":{"start":{"line":57,"column":0},"end":{"line":57,"column":1}},"57":{"start":{"line":58,"column":0},"end":{"line":58,"column":0}},"58":{"start":{"line":59,"column":0},"end":{"line":59,"column":25}},"59":{"start":{"line":60,"column":0},"end":{"line":60,"column":24}},"60":{"start":{"line":61,"column":0},"end":{"line":61,"column":30}},"61":{"start":{"line":62,"column":0},"end":{"line":62,"column":27}},"62":{"start":{"line":63,"column":0},"end":{"line":63,"column":23}},"63":{"start":{"line":64,"column":0},"end":{"line":64,"column":29}},"64":{"start":{"line":65,"column":0},"end":{"line":65,"column":1}},"65":{"start":{"line":66,"column":0},"end":{"line":66,"column":0}},"66":{"start":{"line":67,"column":0},"end":{"line":67,"column":31}},"67":{"start":{"line":68,"column":0},"end":{"line":68,"column":22}},"68":{"start":{"line":69,"column":0},"end":{"line":69,"column":22}},"69":{"start":{"line":70,"column":0},"end":{"line":70,"column":22}},"70":{"start":{"line":71,"column":0},"end":{"line":71,"column":24}},"71":{"start":{"line":72,"column":0},"end":{"line":72,"column":1}},"72":{"start":{"line":73,"column":0},"end":{"line":73,"column":0}},"73":{"start":{"line":74,"column":0},"end":{"line":74,"column":32}},"74":{"start":{"line":75,"column":0},"end":{"line":75,"column":14}},"75":{"start":{"line":76,"column":0},"end":{"line":76,"column":29}},"76":{"start":{"line":77,"column":0},"end":{"line":77,"column":28}},"77":{"start":{"line":78,"column":0},"end":{"line":78,"column":26}},"78":{"start":{"line":79,"column":0},"end":{"line":79,"column":22}},"79":{"start":{"line":80,"column":0},"end":{"line":80,"column":1}},"80":{"start":{"line":81,"column":0},"end":{"line":81,"column":0}},"81":{"start":{"line":82,"column":0},"end":{"line":82,"column":3}},"82":{"start":{"line":83,"column":0},"end":{"line":83,"column":51}},"83":{"start":{"line":84,"column":0},"end":{"line":84,"column":3}},"84":{"start":{"line":85,"column":0},"end":{"line":85,"column":82}},"85":{"start":{"line":86,"column":0},"end":{"line":86,"column":68}},"86":{"start":{"line":87,"column":0},"end":{"line":87,"column":1}},"87":{"start":{"line":88,"column":0},"end":{"line":88,"column":0}},"88":{"start":{"line":89,"column":0},"end":{"line":89,"column":3}},"89":{"start":{"line":90,"column":0},"end":{"line":90,"column":34}},"90":{"start":{"line":91,"column":0},"end":{"line":91,"column":3}},"91":{"start":{"line":92,"column":0},"end":{"line":92,"column":84}},"92":{"start":{"line":93,"column":0},"end":{"line":93,"column":65}},"93":{"start":{"line":94,"column":0},"end":{"line":94,"column":1}},"94":{"start":{"line":95,"column":0},"end":{"line":95,"column":0}},"95":{"start":{"line":96,"column":0},"end":{"line":96,"column":3}},"96":{"start":{"line":97,"column":0},"end":{"line":97,"column":29}},"97":{"start":{"line":98,"column":0},"end":{"line":98,"column":3}},"98":{"start":{"line":99,"column":0},"end":{"line":99,"column":70}},"99":{"start":{"line":100,"column":0},"end":{"line":100,"column":65}},"100":{"start":{"line":101,"column":0},"end":{"line":101,"column":1}},"101":{"start":{"line":102,"column":0},"end":{"line":102,"column":0}},"102":{"start":{"line":103,"column":0},"end":{"line":103,"column":3}},"103":{"start":{"line":104,"column":0},"end":{"line":104,"column":34}},"104":{"start":{"line":105,"column":0},"end":{"line":105,"column":3}},"105":{"start":{"line":106,"column":0},"end":{"line":106,"column":80}},"106":{"start":{"line":107,"column":0},"end":{"line":107,"column":67}},"107":{"start":{"line":108,"column":0},"end":{"line":108,"column":1}},"108":{"start":{"line":109,"column":0},"end":{"line":109,"column":0}},"109":{"start":{"line":110,"column":0},"end":{"line":110,"column":3}},"110":{"start":{"line":111,"column":0},"end":{"line":111,"column":41}},"111":{"start":{"line":112,"column":0},"end":{"line":112,"column":3}},"112":{"start":{"line":113,"column":0},"end":{"line":113,"column":88}},"113":{"start":{"line":114,"column":0},"end":{"line":114,"column":62}},"114":{"start":{"line":115,"column":0},"end":{"line":115,"column":1}},"115":{"start":{"line":116,"column":0},"end":{"line":116,"column":0}},"116":{"start":{"line":117,"column":0},"end":{"line":117,"column":3}},"117":{"start":{"line":118,"column":0},"end":{"line":118,"column":42}},"118":{"start":{"line":119,"column":0},"end":{"line":119,"column":3}},"119":{"start":{"line":120,"column":0},"end":{"line":120,"column":80}},"120":{"start":{"line":121,"column":0},"end":{"line":121,"column":69}},"121":{"start":{"line":122,"column":0},"end":{"line":122,"column":1}},"122":{"start":{"line":123,"column":0},"end":{"line":123,"column":0}},"123":{"start":{"line":124,"column":0},"end":{"line":124,"column":3}},"124":{"start":{"line":125,"column":0},"end":{"line":125,"column":35}},"125":{"start":{"line":126,"column":0},"end":{"line":126,"column":3}},"126":{"start":{"line":127,"column":0},"end":{"line":127,"column":71}},"127":{"start":{"line":128,"column":0},"end":{"line":128,"column":64}},"128":{"start":{"line":129,"column":0},"end":{"line":129,"column":1}},"129":{"start":{"line":130,"column":0},"end":{"line":130,"column":0}},"130":{"start":{"line":131,"column":0},"end":{"line":131,"column":3}},"131":{"start":{"line":132,"column":0},"end":{"line":132,"column":35}},"132":{"start":{"line":133,"column":0},"end":{"line":133,"column":3}},"133":{"start":{"line":134,"column":0},"end":{"line":134,"column":76}},"134":{"start":{"line":135,"column":0},"end":{"line":135,"column":63}},"135":{"start":{"line":136,"column":0},"end":{"line":136,"column":1}},"136":{"start":{"line":137,"column":0},"end":{"line":137,"column":0}},"137":{"start":{"line":138,"column":0},"end":{"line":138,"column":3}},"138":{"start":{"line":139,"column":0},"end":{"line":139,"column":32}},"139":{"start":{"line":140,"column":0},"end":{"line":140,"column":3}},"140":{"start":{"line":141,"column":0},"end":{"line":141,"column":67}},"141":{"start":{"line":142,"column":0},"end":{"line":142,"column":62}},"142":{"start":{"line":143,"column":0},"end":{"line":143,"column":1}},"143":{"start":{"line":144,"column":0},"end":{"line":144,"column":0}},"144":{"start":{"line":145,"column":0},"end":{"line":145,"column":3}},"145":{"start":{"line":146,"column":0},"end":{"line":146,"column":32}},"146":{"start":{"line":147,"column":0},"end":{"line":147,"column":3}},"147":{"start":{"line":148,"column":0},"end":{"line":148,"column":55}},"148":{"start":{"line":149,"column":0},"end":{"line":149,"column":50}},"149":{"start":{"line":150,"column":0},"end":{"line":150,"column":1}},"150":{"start":{"line":151,"column":0},"end":{"line":151,"column":0}},"151":{"start":{"line":152,"column":0},"end":{"line":152,"column":3}},"152":{"start":{"line":153,"column":0},"end":{"line":153,"column":32}},"153":{"start":{"line":154,"column":0},"end":{"line":154,"column":3}},"154":{"start":{"line":155,"column":0},"end":{"line":155,"column":84}},"155":{"start":{"line":156,"column":0},"end":{"line":156,"column":56}},"156":{"start":{"line":157,"column":0},"end":{"line":157,"column":1}},"157":{"start":{"line":158,"column":0},"end":{"line":158,"column":0}},"158":{"start":{"line":159,"column":0},"end":{"line":159,"column":3}},"159":{"start":{"line":160,"column":0},"end":{"line":160,"column":21}},"160":{"start":{"line":161,"column":0},"end":{"line":161,"column":3}},"161":{"start":{"line":162,"column":0},"end":{"line":162,"column":62}},"162":{"start":{"line":163,"column":0},"end":{"line":163,"column":49}},"163":{"start":{"line":164,"column":0},"end":{"line":164,"column":1}},"164":{"start":{"line":165,"column":0},"end":{"line":165,"column":0}},"165":{"start":{"line":166,"column":0},"end":{"line":166,"column":3}},"166":{"start":{"line":167,"column":0},"end":{"line":167,"column":20}},"167":{"start":{"line":168,"column":0},"end":{"line":168,"column":3}},"168":{"start":{"line":169,"column":0},"end":{"line":169,"column":73}},"169":{"start":{"line":170,"column":0},"end":{"line":170,"column":67}},"170":{"start":{"line":171,"column":0},"end":{"line":171,"column":1}},"171":{"start":{"line":172,"column":0},"end":{"line":172,"column":0}},"172":{"start":{"line":173,"column":0},"end":{"line":173,"column":3}},"173":{"start":{"line":174,"column":0},"end":{"line":174,"column":23}},"174":{"start":{"line":175,"column":0},"end":{"line":175,"column":3}},"175":{"start":{"line":176,"column":0},"end":{"line":176,"column":71}},"176":{"start":{"line":177,"column":0},"end":{"line":177,"column":66}},"177":{"start":{"line":178,"column":0},"end":{"line":178,"column":1}},"178":{"start":{"line":179,"column":0},"end":{"line":179,"column":0}},"179":{"start":{"line":180,"column":0},"end":{"line":180,"column":3}},"180":{"start":{"line":181,"column":0},"end":{"line":181,"column":19}},"181":{"start":{"line":182,"column":0},"end":{"line":182,"column":3}},"182":{"start":{"line":183,"column":0},"end":{"line":183,"column":72}},"183":{"start":{"line":184,"column":0},"end":{"line":184,"column":65}},"184":{"start":{"line":185,"column":0},"end":{"line":185,"column":1}},"185":{"start":{"line":186,"column":0},"end":{"line":186,"column":0}},"186":{"start":{"line":187,"column":0},"end":{"line":187,"column":3}},"187":{"start":{"line":188,"column":0},"end":{"line":188,"column":59}},"188":{"start":{"line":189,"column":0},"end":{"line":189,"column":3}},"189":{"start":{"line":190,"column":0},"end":{"line":190,"column":77}},"190":{"start":{"line":191,"column":0},"end":{"line":191,"column":70}},"191":{"start":{"line":192,"column":0},"end":{"line":192,"column":1}},"192":{"start":{"line":193,"column":0},"end":{"line":193,"column":0}},"193":{"start":{"line":194,"column":0},"end":{"line":194,"column":3}},"194":{"start":{"line":195,"column":0},"end":{"line":195,"column":28}},"195":{"start":{"line":196,"column":0},"end":{"line":196,"column":3}},"196":{"start":{"line":197,"column":0},"end":{"line":197,"column":55}},"197":{"start":{"line":198,"column":0},"end":{"line":198,"column":52}},"198":{"start":{"line":199,"column":0},"end":{"line":199,"column":1}},"199":{"start":{"line":200,"column":0},"end":{"line":200,"column":0}},"200":{"start":{"line":201,"column":0},"end":{"line":201,"column":3}},"201":{"start":{"line":202,"column":0},"end":{"line":202,"column":29}},"202":{"start":{"line":203,"column":0},"end":{"line":203,"column":3}},"203":{"start":{"line":204,"column":0},"end":{"line":204,"column":86}},"204":{"start":{"line":205,"column":0},"end":{"line":205,"column":69}},"205":{"start":{"line":206,"column":0},"end":{"line":206,"column":1}},"206":{"start":{"line":207,"column":0},"end":{"line":207,"column":0}},"207":{"start":{"line":208,"column":0},"end":{"line":208,"column":3}},"208":{"start":{"line":209,"column":0},"end":{"line":209,"column":37}},"209":{"start":{"line":210,"column":0},"end":{"line":210,"column":3}},"210":{"start":{"line":211,"column":0},"end":{"line":211,"column":75}},"211":{"start":{"line":212,"column":0},"end":{"line":212,"column":67}},"212":{"start":{"line":213,"column":0},"end":{"line":213,"column":1}},"213":{"start":{"line":214,"column":0},"end":{"line":214,"column":0}},"214":{"start":{"line":215,"column":0},"end":{"line":215,"column":3}},"215":{"start":{"line":216,"column":0},"end":{"line":216,"column":39}},"216":{"start":{"line":217,"column":0},"end":{"line":217,"column":3}},"217":{"start":{"line":218,"column":0},"end":{"line":218,"column":81}},"218":{"start":{"line":219,"column":0},"end":{"line":219,"column":69}},"219":{"start":{"line":220,"column":0},"end":{"line":220,"column":1}},"220":{"start":{"line":221,"column":0},"end":{"line":221,"column":0}},"221":{"start":{"line":222,"column":0},"end":{"line":222,"column":20}},"222":{"start":{"line":223,"column":0},"end":{"line":223,"column":0}},"223":{"start":{"line":224,"column":0},"end":{"line":224,"column":3}},"224":{"start":{"line":225,"column":0},"end":{"line":225,"column":34}},"225":{"start":{"line":226,"column":0},"end":{"line":226,"column":3}},"226":{"start":{"line":227,"column":0},"end":{"line":227,"column":47}},"227":{"start":{"line":228,"column":0},"end":{"line":228,"column":10}},"228":{"start":{"line":229,"column":0},"end":{"line":229,"column":46}},"229":{"start":{"line":230,"column":0},"end":{"line":230,"column":33}},"230":{"start":{"line":231,"column":0},"end":{"line":231,"column":80}},"231":{"start":{"line":232,"column":0},"end":{"line":232,"column":28}},"232":{"start":{"line":233,"column":0},"end":{"line":233,"column":20}},"233":{"start":{"line":234,"column":0},"end":{"line":234,"column":25}},"234":{"start":{"line":235,"column":0},"end":{"line":235,"column":32}},"235":{"start":{"line":236,"column":0},"end":{"line":236,"column":24}},"236":{"start":{"line":237,"column":0},"end":{"line":237,"column":30}},"237":{"start":{"line":238,"column":0},"end":{"line":238,"column":5}},"238":{"start":{"line":239,"column":0},"end":{"line":239,"column":3}},"239":{"start":{"line":240,"column":0},"end":{"line":240,"column":1}},"240":{"start":{"line":241,"column":0},"end":{"line":241,"column":0}},"241":{"start":{"line":242,"column":0},"end":{"line":242,"column":3}},"242":{"start":{"line":243,"column":0},"end":{"line":243,"column":41}},"243":{"start":{"line":244,"column":0},"end":{"line":244,"column":3}},"244":{"start":{"line":245,"column":0},"end":{"line":245,"column":122}},"245":{"start":{"line":246,"column":0},"end":{"line":246,"column":10}},"246":{"start":{"line":247,"column":0},"end":{"line":247,"column":30}},"247":{"start":{"line":248,"column":0},"end":{"line":248,"column":24}},"248":{"start":{"line":249,"column":0},"end":{"line":249,"column":39}},"249":{"start":{"line":250,"column":0},"end":{"line":250,"column":38}},"250":{"start":{"line":251,"column":0},"end":{"line":251,"column":41}},"251":{"start":{"line":252,"column":0},"end":{"line":252,"column":3}},"252":{"start":{"line":253,"column":0},"end":{"line":253,"column":1}},"253":{"start":{"line":254,"column":0},"end":{"line":254,"column":0}},"254":{"start":{"line":255,"column":0},"end":{"line":255,"column":3}},"255":{"start":{"line":256,"column":0},"end":{"line":256,"column":42}},"256":{"start":{"line":257,"column":0},"end":{"line":257,"column":3}},"257":{"start":{"line":258,"column":0},"end":{"line":258,"column":120}},"258":{"start":{"line":259,"column":0},"end":{"line":259,"column":10}},"259":{"start":{"line":260,"column":0},"end":{"line":260,"column":20}},"260":{"start":{"line":261,"column":0},"end":{"line":261,"column":38}},"261":{"start":{"line":262,"column":0},"end":{"line":262,"column":28}},"262":{"start":{"line":263,"column":0},"end":{"line":263,"column":43}},"263":{"start":{"line":264,"column":0},"end":{"line":264,"column":3}},"264":{"start":{"line":265,"column":0},"end":{"line":265,"column":1}},"265":{"start":{"line":266,"column":0},"end":{"line":266,"column":0}},"266":{"start":{"line":267,"column":0},"end":{"line":267,"column":3}},"267":{"start":{"line":268,"column":0},"end":{"line":268,"column":40}},"268":{"start":{"line":269,"column":0},"end":{"line":269,"column":3}},"269":{"start":{"line":270,"column":0},"end":{"line":270,"column":74}},"270":{"start":{"line":271,"column":0},"end":{"line":271,"column":22}},"271":{"start":{"line":272,"column":0},"end":{"line":272,"column":27}},"272":{"start":{"line":273,"column":0},"end":{"line":273,"column":25}},"273":{"start":{"line":274,"column":0},"end":{"line":274,"column":17}},"274":{"start":{"line":275,"column":0},"end":{"line":275,"column":27}},"275":{"start":{"line":276,"column":0},"end":{"line":276,"column":17}},"276":{"start":{"line":277,"column":0},"end":{"line":277,"column":12}},"277":{"start":{"line":278,"column":0},"end":{"line":278,"column":17}},"278":{"start":{"line":279,"column":0},"end":{"line":279,"column":3}},"279":{"start":{"line":280,"column":0},"end":{"line":280,"column":1}},"280":{"start":{"line":281,"column":0},"end":{"line":281,"column":0}},"281":{"start":{"line":282,"column":0},"end":{"line":282,"column":3}},"282":{"start":{"line":283,"column":0},"end":{"line":283,"column":47}},"283":{"start":{"line":284,"column":0},"end":{"line":284,"column":3}},"284":{"start":{"line":285,"column":0},"end":{"line":285,"column":80}},"285":{"start":{"line":286,"column":0},"end":{"line":286,"column":22}},"286":{"start":{"line":287,"column":0},"end":{"line":287,"column":27}},"287":{"start":{"line":288,"column":0},"end":{"line":288,"column":27}},"288":{"start":{"line":289,"column":0},"end":{"line":289,"column":25}},"289":{"start":{"line":290,"column":0},"end":{"line":290,"column":27}},"290":{"start":{"line":291,"column":0},"end":{"line":291,"column":24}},"291":{"start":{"line":292,"column":0},"end":{"line":292,"column":24}},"292":{"start":{"line":293,"column":0},"end":{"line":293,"column":28}},"293":{"start":{"line":294,"column":0},"end":{"line":294,"column":31}},"294":{"start":{"line":295,"column":0},"end":{"line":295,"column":27}},"295":{"start":{"line":296,"column":0},"end":{"line":296,"column":32}},"296":{"start":{"line":297,"column":0},"end":{"line":297,"column":23}},"297":{"start":{"line":298,"column":0},"end":{"line":298,"column":28}},"298":{"start":{"line":299,"column":0},"end":{"line":299,"column":31}},"299":{"start":{"line":300,"column":0},"end":{"line":300,"column":25}},"300":{"start":{"line":301,"column":0},"end":{"line":301,"column":12}},"301":{"start":{"line":302,"column":0},"end":{"line":302,"column":24}},"302":{"start":{"line":303,"column":0},"end":{"line":303,"column":3}},"303":{"start":{"line":304,"column":0},"end":{"line":304,"column":1}}},"s":{"0":1,"1":1,"2":1,"3":1,"4":1,"5":1,"6":1,"7":1,"8":1,"9":1,"10":1,"11":1,"12":1,"13":1,"14":1,"15":1,"16":1,"17":1,"18":1,"19":1,"20":1,"21":1,"22":1,"23":1,"24":1,"25":1,"26":1,"27":1,"28":1,"29":1,"30":1,"31":1,"32":1,"33":1,"34":1,"35":1,"36":1,"37":1,"38":1,"39":1,"40":1,"41":1,"42":1,"43":1,"44":1,"45":1,"46":1,"47":1,"48":1,"49":1,"50":1,"51":1,"52":1,"53":1,"54":1,"55":1,"56":1,"57":1,"58":1,"59":1,"60":1,"61":1,"62":1,"63":1,"64":1,"65":1,"66":1,"67":1,"68":1,"69":1,"70":1,"71":1,"72":1,"73":1,"74":1,"75":1,"76":1,"77":1,"78":1,"79":1,"80":1,"81":1,"82":1,"83":1,"84":0,"85":0,"86":0,"87":1,"88":1,"89":1,"90":1,"91":0,"92":0,"93":0,"94":1,"95":1,"96":1,"97":1,"98":0,"99":0,"100":0,"101":1,"102":1,"103":1,"104":1,"105":0,"106":0,"107":0,"108":1,"109":1,"110":1,"111":1,"112":0,"113":0,"114":0,"115":1,"116":1,"117":1,"118":1,"119":0,"120":0,"121":0,"122":1,"123":1,"124":1,"125":1,"126":0,"127":0,"128":0,"129":1,"130":1,"131":1,"132":1,"133":0,"134":0,"135":0,"136":1,"137":1,"138":1,"139":1,"140":0,"141":0,"142":0,"143":1,"144":1,"145":1,"146":1,"147":0,"148":0,"149":0,"150":1,"151":1,"152":1,"153":1,"154":0,"155":0,"156":0,"157":1,"158":1,"159":1,"160":1,"161":0,"162":0,"163":0,"164":1,"165":1,"166":1,"167":1,"168":0,"169":0,"170":0,"171":1,"172":1,"173":1,"174":1,"175":0,"176":0,"177":0,"178":1,"179":1,"180":1,"181":1,"182":0,"183":0,"184":0,"185":1,"186":1,"187":1,"188":1,"189":0,"190":0,"191":0,"192":1,"193":1,"194":1,"195":1,"196":0,"197":0,"198":0,"199":1,"200":1,"201":1,"202":1,"203":0,"204":0,"205":0,"206":1,"207":1,"208":1,"209":1,"210":0,"211":0,"212":0,"213":1,"214":1,"215":1,"216":1,"217":0,"218":0,"219":0,"220":1,"221":1,"222":1,"223":1,"224":1,"225":1,"226":1,"227":2,"228":2,"229":2,"230":2,"231":2,"232":2,"233":2,"234":2,"235":2,"236":2,"237":2,"238":2,"239":2,"240":1,"241":1,"242":1,"243":1,"244":1,"245":3,"246":3,"247":3,"248":3,"249":3,"250":3,"251":3,"252":3,"253":1,"254":1,"255":1,"256":1,"257":1,"258":3,"259":3,"260":3,"261":3,"262":3,"263":3,"264":3,"265":1,"266":1,"267":1,"268":1,"269":1,"270":35,"271":35,"272":35,"273":8,"274":35,"275":3,"276":35,"277":24,"278":35,"279":35,"280":1,"281":1,"282":1,"283":1,"284":1,"285":42,"286":42,"287":42,"288":42,"289":42,"290":42,"291":42,"292":42,"293":24,"294":42,"295":4,"296":42,"297":4,"298":42,"299":42,"300":42,"301":10,"302":42,"303":42},"branchMap":{"0":{"type":"branch","line":29,"loc":{"start":{"line":29,"column":7},"end":{"line":29,"column":23}},"locations":[{"start":{"line":29,"column":7},"end":{"line":29,"column":23}}]},"1":{"type":"branch","line":227,"loc":{"start":{"line":227,"column":7},"end":{"line":240,"column":1}},"locations":[{"start":{"line":227,"column":7},"end":{"line":240,"column":1}}]},"2":{"type":"branch","line":245,"loc":{"start":{"line":245,"column":7},"end":{"line":253,"column":1}},"locations":[{"start":{"line":245,"column":7},"end":{"line":253,"column":1}}]},"3":{"type":"branch","line":248,"loc":{"start":{"line":248,"column":10},"end":{"line":248,"column":24}},"locations":[{"start":{"line":248,"column":10},"end":{"line":248,"column":24}}]},"4":{"type":"branch","line":249,"loc":{"start":{"line":249,"column":10},"end":{"line":249,"column":27}},"locations":[{"start":{"line":249,"column":10},"end":{"line":249,"column":27}}]},"5":{"type":"branch","line":249,"loc":{"start":{"line":249,"column":19},"end":{"line":249,"column":39}},"locations":[{"start":{"line":249,"column":19},"end":{"line":249,"column":39}}]},"6":{"type":"branch","line":250,"loc":{"start":{"line":250,"column":17},"end":{"line":250,"column":38}},"locations":[{"start":{"line":250,"column":17},"end":{"line":250,"column":38}}]},"7":{"type":"branch","line":251,"loc":{"start":{"line":251,"column":19},"end":{"line":251,"column":41}},"locations":[{"start":{"line":251,"column":19},"end":{"line":251,"column":41}}]},"8":{"type":"branch","line":258,"loc":{"start":{"line":258,"column":7},"end":{"line":265,"column":1}},"locations":[{"start":{"line":258,"column":7},"end":{"line":265,"column":1}}]},"9":{"type":"branch","line":261,"loc":{"start":{"line":261,"column":17},"end":{"line":261,"column":38}},"locations":[{"start":{"line":261,"column":17},"end":{"line":261,"column":38}}]},"10":{"type":"branch","line":262,"loc":{"start":{"line":262,"column":12},"end":{"line":262,"column":28}},"locations":[{"start":{"line":262,"column":12},"end":{"line":262,"column":28}}]},"11":{"type":"branch","line":263,"loc":{"start":{"line":263,"column":16},"end":{"line":263,"column":39}},"locations":[{"start":{"line":263,"column":16},"end":{"line":263,"column":39}}]},"12":{"type":"branch","line":263,"loc":{"start":{"line":263,"column":25},"end":{"line":263,"column":43}},"locations":[{"start":{"line":263,"column":25},"end":{"line":263,"column":43}}]},"13":{"type":"branch","line":270,"loc":{"start":{"line":270,"column":7},"end":{"line":280,"column":1}},"locations":[{"start":{"line":270,"column":7},"end":{"line":280,"column":1}}]},"14":{"type":"branch","line":272,"loc":{"start":{"line":272,"column":4},"end":{"line":272,"column":27}},"locations":[{"start":{"line":272,"column":4},"end":{"line":272,"column":27}}]},"15":{"type":"branch","line":273,"loc":{"start":{"line":273,"column":4},"end":{"line":274,"column":17}},"locations":[{"start":{"line":273,"column":4},"end":{"line":274,"column":17}}]},"16":{"type":"branch","line":275,"loc":{"start":{"line":275,"column":4},"end":{"line":276,"column":17}},"locations":[{"start":{"line":275,"column":4},"end":{"line":276,"column":17}}]},"17":{"type":"branch","line":277,"loc":{"start":{"line":277,"column":4},"end":{"line":278,"column":17}},"locations":[{"start":{"line":277,"column":4},"end":{"line":278,"column":17}}]},"18":{"type":"branch","line":285,"loc":{"start":{"line":285,"column":7},"end":{"line":304,"column":1}},"locations":[{"start":{"line":285,"column":7},"end":{"line":304,"column":1}}]},"19":{"type":"branch","line":287,"loc":{"start":{"line":287,"column":4},"end":{"line":287,"column":27}},"locations":[{"start":{"line":287,"column":4},"end":{"line":287,"column":27}}]},"20":{"type":"branch","line":288,"loc":{"start":{"line":288,"column":4},"end":{"line":288,"column":27}},"locations":[{"start":{"line":288,"column":4},"end":{"line":288,"column":27}}]},"21":{"type":"branch","line":289,"loc":{"start":{"line":289,"column":4},"end":{"line":289,"column":25}},"locations":[{"start":{"line":289,"column":4},"end":{"line":289,"column":25}}]},"22":{"type":"branch","line":290,"loc":{"start":{"line":290,"column":4},"end":{"line":290,"column":27}},"locations":[{"start":{"line":290,"column":4},"end":{"line":290,"column":27}}]},"23":{"type":"branch","line":291,"loc":{"start":{"line":291,"column":4},"end":{"line":291,"column":24}},"locations":[{"start":{"line":291,"column":4},"end":{"line":291,"column":24}}]},"24":{"type":"branch","line":292,"loc":{"start":{"line":292,"column":4},"end":{"line":292,"column":24}},"locations":[{"start":{"line":292,"column":4},"end":{"line":292,"column":24}}]},"25":{"type":"branch","line":293,"loc":{"start":{"line":293,"column":4},"end":{"line":294,"column":31}},"locations":[{"start":{"line":293,"column":4},"end":{"line":294,"column":31}}]},"26":{"type":"branch","line":295,"loc":{"start":{"line":295,"column":4},"end":{"line":296,"column":32}},"locations":[{"start":{"line":295,"column":4},"end":{"line":296,"column":32}}]},"27":{"type":"branch","line":297,"loc":{"start":{"line":297,"column":4},"end":{"line":298,"column":28}},"locations":[{"start":{"line":297,"column":4},"end":{"line":298,"column":28}}]},"28":{"type":"branch","line":299,"loc":{"start":{"line":299,"column":4},"end":{"line":299,"column":31}},"locations":[{"start":{"line":299,"column":4},"end":{"line":299,"column":31}}]},"29":{"type":"branch","line":300,"loc":{"start":{"line":300,"column":4},"end":{"line":300,"column":25}},"locations":[{"start":{"line":300,"column":4},"end":{"line":300,"column":25}}]},"30":{"type":"branch","line":301,"loc":{"start":{"line":301,"column":4},"end":{"line":302,"column":24}},"locations":[{"start":{"line":301,"column":4},"end":{"line":302,"column":24}}]}},"b":{"0":[1],"1":[2],"2":[3],"3":[1],"4":[1],"5":[2],"6":[1],"7":[1],"8":[3],"9":[1],"10":[1],"11":[1],"12":[2],"13":[35],"14":[4],"15":[8],"16":[3],"17":[24],"18":[42],"19":[4],"20":[7],"21":[11],"22":[14],"23":[17],"24":[20],"25":[24],"26":[4],"27":[4],"28":[4],"29":[7],"30":[10]},"fnMap":{"0":{"name":"downloadPhpBinary","decl":{"start":{"line":85,"column":0},"end":{"line":87,"column":1}},"loc":{"start":{"line":85,"column":0},"end":{"line":87,"column":1}},"line":85},"1":{"name":"startPhpServer","decl":{"start":{"line":92,"column":0},"end":{"line":94,"column":1}},"loc":{"start":{"line":92,"column":0},"end":{"line":94,"column":1}},"line":92},"2":{"name":"stopPhpServer","decl":{"start":{"line":99,"column":0},"end":{"line":101,"column":1}},"loc":{"start":{"line":99,"column":0},"end":{"line":101,"column":1}},"line":99},"3":{"name":"getServerStatus","decl":{"start":{"line":106,"column":0},"end":{"line":108,"column":1}},"loc":{"start":{"line":106,"column":0},"end":{"line":108,"column":1}},"line":106},"4":{"name":"cloneProject","decl":{"start":{"line":113,"column":0},"end":{"line":115,"column":1}},"loc":{"start":{"line":113,"column":0},"end":{"line":115,"column":1}},"line":113},"5":{"name":"detectFramework","decl":{"start":{"line":120,"column":0},"end":{"line":122,"column":1}},"loc":{"start":{"line":120,"column":0},"end":{"line":122,"column":1}},"line":120},"6":{"name":"getPhpVersion","decl":{"start":{"line":127,"column":0},"end":{"line":129,"column":1}},"loc":{"start":{"line":127,"column":0},"end":{"line":129,"column":1}},"line":127},"7":{"name":"listAvailablePhpVersions","decl":{"start":{"line":134,"column":0},"end":{"line":136,"column":1}},"loc":{"start":{"line":134,"column":0},"end":{"line":136,"column":1}},"line":134},"8":{"name":"setPhpConfig","decl":{"start":{"line":141,"column":0},"end":{"line":143,"column":1}},"loc":{"start":{"line":141,"column":0},"end":{"line":143,"column":1}},"line":141},"9":{"name":"getPhpConfig","decl":{"start":{"line":148,"column":0},"end":{"line":150,"column":1}},"loc":{"start":{"line":148,"column":0},"end":{"line":150,"column":1}},"line":148},"10":{"name":"listRunningServers","decl":{"start":{"line":155,"column":0},"end":{"line":157,"column":1}},"loc":{"start":{"line":155,"column":0},"end":{"line":157,"column":1}},"line":155},"11":{"name":"listProjects","decl":{"start":{"line":162,"column":0},"end":{"line":164,"column":1}},"loc":{"start":{"line":162,"column":0},"end":{"line":164,"column":1}},"line":162},"12":{"name":"removeProject","decl":{"start":{"line":169,"column":0},"end":{"line":171,"column":1}},"loc":{"start":{"line":169,"column":0},"end":{"line":171,"column":1}},"line":169},"13":{"name":"removePhpBinary","decl":{"start":{"line":176,"column":0},"end":{"line":178,"column":1}},"loc":{"start":{"line":176,"column":0},"end":{"line":178,"column":1}},"line":176},"14":{"name":"getServerLogs","decl":{"start":{"line":183,"column":0},"end":{"line":185,"column":1}},"loc":{"start":{"line":183,"column":0},"end":{"line":185,"column":1}},"line":183},"15":{"name":"findAvailablePort","decl":{"start":{"line":190,"column":0},"end":{"line":192,"column":1}},"loc":{"start":{"line":190,"column":0},"end":{"line":192,"column":1}},"line":190},"16":{"name":"stopAllServers","decl":{"start":{"line":197,"column":0},"end":{"line":199,"column":1}},"loc":{"start":{"line":197,"column":0},"end":{"line":199,"column":1}},"line":197},"17":{"name":"getFrameworkInfo","decl":{"start":{"line":204,"column":0},"end":{"line":206,"column":1}},"loc":{"start":{"line":204,"column":0},"end":{"line":206,"column":1}},"line":204},"18":{"name":"validateProjectPath","decl":{"start":{"line":211,"column":0},"end":{"line":213,"column":1}},"loc":{"start":{"line":211,"column":0},"end":{"line":213,"column":1}},"line":211},"19":{"name":"getProjectInfo","decl":{"start":{"line":218,"column":0},"end":{"line":220,"column":1}},"loc":{"start":{"line":218,"column":0},"end":{"line":220,"column":1}},"line":218},"20":{"name":"createDefaultConfig","decl":{"start":{"line":227,"column":7},"end":{"line":240,"column":1}},"loc":{"start":{"line":227,"column":7},"end":{"line":240,"column":1}},"line":227},"21":{"name":"createStartServerRequest","decl":{"start":{"line":245,"column":7},"end":{"line":253,"column":1}},"loc":{"start":{"line":245,"column":7},"end":{"line":253,"column":1}},"line":245},"22":{"name":"createCloneProjectRequest","decl":{"start":{"line":258,"column":7},"end":{"line":265,"column":1}},"loc":{"start":{"line":258,"column":7},"end":{"line":265,"column":1}},"line":258},"23":{"name":"getDefaultPortForFramework","decl":{"start":{"line":270,"column":7},"end":{"line":280,"column":1}},"loc":{"start":{"line":270,"column":7},"end":{"line":280,"column":1}},"line":270},"24":{"name":"getDefaultEntryPointForFramework","decl":{"start":{"line":285,"column":7},"end":{"line":304,"column":1}},"loc":{"start":{"line":285,"column":7},"end":{"line":304,"column":1}},"line":285}},"f":{"0":0,"1":0,"2":0,"3":0,"4":0,"5":0,"6":0,"7":0,"8":0,"9":0,"10":0,"11":0,"12":0,"13":0,"14":0,"15":0,"16":0,"17":0,"18":0,"19":0,"20":2,"21":3,"22":3,"23":35,"24":42}}
}
